\BOOKMARK [1][-]{section.1}{\376\377\000I\000n\000t\000r\000o\000d\000u\000c\000t\000i\000o\000n}{}% 1
\BOOKMARK [1][-]{section.2}{\376\377\000P\000r\000\351\000p\000a\000r\000a\000t\000i\000o\000n\000\040\000e\000t\000\040\000r\000\351\000s\000e\000r\000v\000a\000t\000i\000o\000n\000\040\000d\000e\000s\000\040\000r\000e\000s\000s\000o\000u\000r\000c\000e\000s}{}% 2
\BOOKMARK [2][-]{subsection.2.1}{\376\377\000Q\000u\000e\000s\000t\000i\000o\000n\000\040\0001}{section.2}% 3
\BOOKMARK [2][-]{subsection.2.2}{\376\377\000Q\000u\000e\000s\000t\000i\000o\000n\000\040\0002}{section.2}% 4
\BOOKMARK [2][-]{subsection.2.3}{\376\377\000Q\000u\000e\000s\000t\000i\000o\000n\000\040\0003}{section.2}% 5
\BOOKMARK [1][-]{section.3}{\376\377\000C\000o\000n\000f\000i\000g\000u\000r\000a\000t\000i\000o\000n\000\040\000d\000u\000\040\000t\000u\000n\000n\000e\000l\000\040\000M\000P\000L\000S\000-\000T\000E}{}% 6
\BOOKMARK [2][-]{subsection.3.1}{\376\377\000C\000o\000n\000f\000i\000g\000u\000r\000a\000t\000i\000o\000n\000\040\000d\000e\000\040\000l\040\031\000e\000n\000t\000\352\000t\000e\000\040\000d\000u\000\040\000t\000u\000n\000n\000e\000l}{section.3}% 7
\BOOKMARK [3][-]{subsubsection.3.1.1}{\376\377\000Q\000u\000e\000s\000t\000i\000o\000n\000\040\0001}{subsection.3.1}% 8
\BOOKMARK [3][-]{subsubsection.3.1.2}{\376\377\000Q\000u\000e\000s\000t\000i\000o\000n\000\040\0002}{subsection.3.1}% 9
\BOOKMARK [3][-]{subsubsection.3.1.3}{\376\377\000Q\000u\000e\000s\000t\000i\000o\000n\000\040\0003}{subsection.3.1}% 10
\BOOKMARK [3][-]{subsubsection.3.1.4}{\376\377\000Q\000u\000e\000s\000t\000i\000o\000n\000\040\0004}{subsection.3.1}% 11
\BOOKMARK [3][-]{subsubsection.3.1.5}{\376\377\000Q\000u\000e\000s\000t\000i\000o\000n\000\040\0005}{subsection.3.1}% 12
\BOOKMARK [3][-]{subsubsection.3.1.6}{\376\377\000Q\000u\000e\000s\000t\000i\000o\000n\000\040\0006}{subsection.3.1}% 13
\BOOKMARK [3][-]{subsubsection.3.1.7}{\376\377\000Q\000u\000e\000s\000t\000i\000o\000n\000\040\0007}{subsection.3.1}% 14
\BOOKMARK [3][-]{subsubsection.3.1.8}{\376\377\000Q\000u\000e\000s\000t\000i\000o\000n\000\040\0008}{subsection.3.1}% 15
\BOOKMARK [2][-]{subsection.3.2}{\376\377\000C\000o\000m\000m\000u\000n\000i\000c\000a\000t\000i\000o\000n\000\040\000e\000n\000t\000r\000e\000\040\000l\000e\000s\000\040\000d\000e\000u\000x\000\040\000c\000l\000i\000e\000n\000t\000s\000\040\000a\000v\000e\000c\000\040\000M\000P\000L\000S\000-\000T\000E}{section.3}% 16
\BOOKMARK [3][-]{subsubsection.3.2.1}{\376\377\000Q\000u\000e\000s\000t\000i\000o\000n\000\040\0001}{subsection.3.2}% 17
\BOOKMARK [2][-]{subsection.3.3}{\376\377\000M\000P\000L\000S\000-\000T\000E\000\040\000a\000v\000e\000c\000\040\000c\000h\000e\000m\000i\000n\000\040\000e\000x\000p\000l\000i\000c\000i\000t\000e}{section.3}% 18
\BOOKMARK [3][-]{subsubsection.3.3.1}{\376\377\000Q\000u\000e\000s\000t\000i\000o\000n\000\040\0001}{subsection.3.3}% 19
\BOOKMARK [3][-]{subsubsection.3.3.2}{\376\377\000Q\000u\000e\000s\000t\000i\000o\000n\000\040\0002}{subsection.3.3}% 20
\BOOKMARK [3][-]{subsubsection.3.3.3}{\376\377\000Q\000u\000e\000s\000t\000i\000o\000n\000\040\0003}{subsection.3.3}% 21
\BOOKMARK [3][-]{subsubsection.3.3.4}{\376\377\000Q\000u\000e\000s\000t\000i\000o\000n\000\040\0004}{subsection.3.3}% 22
\BOOKMARK [3][-]{subsubsection.3.3.5}{\376\377\000Q\000u\000e\000s\000t\000i\000o\000n\000\040\0005}{subsection.3.3}% 23
\BOOKMARK [3][-]{subsubsection.3.3.6}{\376\377\000Q\000u\000e\000s\000t\000i\000o\000n\000\040\0006}{subsection.3.3}% 24
\BOOKMARK [2][-]{subsection.3.4}{\376\377\000C\000h\000e\000m\000i\000n\000\040\000n\000e\000\040\000s\000a\000t\000i\000s\000f\000a\000i\000s\000a\000n\000t\000\040\000p\000a\000s\000\040\000l\000e\000s\000\040\000c\000o\000n\000t\000r\000a\000i\000n\000t\000e\000s\000\040\000T\000E\000.}{section.3}% 25
\BOOKMARK [3][-]{subsubsection.3.4.1}{\376\377\000Q\000u\000e\000s\000t\000i\000o\000n\000\040\0001}{subsection.3.4}% 26
\BOOKMARK [3][-]{subsubsection.3.4.2}{\376\377\000Q\000u\000e\000s\000t\000i\000o\000n\000\040\0002}{subsection.3.4}% 27
